<?xml version="1.0" encoding="UTF-8"?>
<!-- Generated by org.testng.reporters.JUnitReportReporter -->
<testsuite hostname="LAPTOP-G0DUN5JF" failures="0" tests="1" name="TestLayer.RegisterPageTest" time="9.536" errors="0" timestamp="2024-01-13T15:01:01 IST" skipped="0">
  <testcase classname="TestLayer.RegisterPageTest" name="validateRegisterPageFunctionality" time="9.536"/>
  <system-out/>
</testsuite> <!-- TestLayer.RegisterPageTest -->
